********************************************************************************
product = WebSphere Application Server 17.0.0.2 (wlp-1.0.17.cl170220170523-1818)
wlp.install.dir = /Users/jasminesodhi/Desktop/wlp/
java.home = /Library/Java/JavaVirtualMachines/jdk1.8.0_131.jdk/Contents/Home/jre
java.version = 1.8.0_131
java.runtime = Java(TM) SE Runtime Environment (1.8.0_131-b11)
os = Mac OS X (10.12.3; x86_64) (en_US)
process = 4765@Jasmines-MacBook.local
********************************************************************************
[1/10/17 13:59:30:808 IST] 00000001 com.ibm.ws.kernel.launch.internal.FrameworkManager           A CWWKE0001I: The server Challenge has been launched.
[1/10/17 13:59:30:829 IST] 00000001 com.ibm.ws.kernel.launch.internal.FrameworkManager           A CWWKE0100I: This product is licensed for development, and limited production use. The full license terms can be viewed here: https://public.dhe.ibm.com/ibmdl/export/pub/software/websphere/wasdev/license/base_ilan/ilan/17.0.0.2/lafiles/en.html
[1/10/17 13:59:33:127 IST] 00000001 com.ibm.ws.kernel.launch.internal.FrameworkManager           I CWWKE0002I: The kernel started after 7.921 seconds
[1/10/17 13:59:33:168 IST] 00000017 com.ibm.ws.kernel.feature.internal.FeatureManager            I CWWKF0007I: Feature update started.
[1/10/17 13:59:34:272 IST] 00000010 com.ibm.ws.security.ready.internal.SecurityReadyServiceImpl  I CWWKS0007I: The security service is starting...
[1/10/17 13:59:35:265 IST] 00000010 ibm.ws.security.authentication.internal.jaas.JAASServiceImpl I CWWKS1123I: The collective authentication plugin with class name NullCollectiveAuthenticationPlugin has been activated. 
[1/10/17 13:59:35:323 IST] 0000001e com.ibm.ws.security.token.ltpa.internal.LTPAKeyCreateTask    I CWWKS4105I: LTPA configuration is ready after 0.105 seconds.
[1/10/17 13:59:45:811 IST] 00000010 com.ibm.ws.app.manager.internal.monitor.DropinMonitor        A CWWKZ0058I: Monitoring dropins for applications. 
[1/10/17 13:59:46:035 IST] 0000001e com.ibm.ws.tcpchannel.internal.TCPChannel                    I CWWKO0219I: TCP Channel defaultHttpEndpoint has been started and is now listening for requests on host localhost  (IPv4: 127.0.0.1) port 9080.
[1/10/17 13:59:46:737 IST] 00000010 com.ibm.ws.cache.ServerCache                                 I DYNA1001I: WebSphere Dynamic Cache instance named baseCache initialized successfully.
[1/10/17 13:59:46:740 IST] 00000010 com.ibm.ws.cache.ServerCache                                 I DYNA1071I: The cache provider default is being used.
[1/10/17 13:59:46:741 IST] 00000010 com.ibm.ws.cache.CacheServiceImpl                            I DYNA1056I: Dynamic Cache (object cache) initialized successfully.
[1/10/17 13:59:48:121 IST] 00000028 com.ibm.ws.app.manager.AppMessageHelper                      I CWWKZ0018I: Starting application conversation-with-discovery-0.1-SNAPSHOT.
[1/10/17 13:59:50:350 IST] 00000028 org.jboss.weld.Version                                       I WELD-000900: 2.4.3 (Final)
[1/10/17 13:59:55:500 IST] 00000028 com.ibm.ws.session.WASSessionCore                            I SESN8501I: The session manager did not find a persistent storage location; HttpSession objects will be stored in the local application server's memory.
[1/10/17 13:59:55:528 IST] 00000028 com.ibm.ws.webcontainer.osgi.webapp.WebGroup                 I SRVE0169I: Loading Web Module: Conversation with Discovery Demo.
[1/10/17 13:59:55:533 IST] 00000028 com.ibm.ws.webcontainer                                      I SRVE0250I: Web Module Conversation with Discovery Demo has been bound to default_host.
[1/10/17 13:59:55:534 IST] 00000028 com.ibm.ws.http.internal.VirtualHostImpl                     A CWWKT0016I: Web application available (default_host): http://localhost:9080/
[1/10/17 13:59:55:543 IST] 00000028 com.ibm.ws.app.manager.AppMessageHelper                      A CWWKZ0001I: Application conversation-with-discovery-0.1-SNAPSHOT started in 7.422 seconds.
[1/10/17 13:59:55:564 IST] 00000017 com.ibm.ws.kernel.feature.internal.FeatureManager            A CWWKF0012I: The server installed the following features: [jsp-2.3, ejbLite-3.2, managedBeans-1.0, jsf-2.2, beanValidation-1.1, servlet-3.1, ssl-1.0, jndi-1.0, jsonp-1.0, appSecurity-2.0, jdbc-4.1, jaxrs-2.0, jaxrsClient-2.0, el-3.0, json-1.0, jpaContainer-2.1, cdi-1.2, distributedMap-1.0, webProfile-7.0, websocket-1.1, jpa-2.1].
[1/10/17 13:59:55:565 IST] 00000017 com.ibm.ws.kernel.feature.internal.FeatureManager            I CWWKF0008I: Feature update completed in 22.438 seconds.
[1/10/17 13:59:55:565 IST] 00000017 com.ibm.ws.kernel.feature.internal.FeatureManager            A CWWKF0011I: The server Challenge is ready to run a smarter planet.
[1/10/17 13:59:55:751 IST] 0000001e com.ibm.ws.session.WASSessionCore                            I SESN0176I: A new session context will be created for application key default_host/
[1/10/17 13:59:55:783 IST] 0000001e com.ibm.ws.util                                              I SESN0172I: The session manager is using the Java default SecureRandom implementation for session ID generation.
[1/10/17 13:59:56:011 IST] 0000001e com.ibm.ws.jsp                                               I JSPG8502I: The value of the JSP attribute jdkSourceLevel is "17".
[1/10/17 13:59:56:143 IST] 0000001e com.ibm.ws.cache.CacheServiceImpl                            I DYNA1056I: Dynamic Cache (object cache) initialized successfully.
[1/10/17 13:59:56:181 IST] 0000002a com.ibm.ws.webcontainer.osgi.mbeans.PluginGenerator          I SRVE9103I: A configuration file for a web server plugin was automatically generated for this server at /Users/jasminesodhi/Desktop/wlp/usr/servers/Challenge/logs/state/plugin-cfg.xml.
[1/10/17 14:00:01:616 IST] 0000001e SystemOut                                                    O 2017-10-01 14:00:01,615 INFO Log4j appears to be running in a Servlet environment, but there's no log4j-web module available. If you want better web container support, please add the log4j-web JAR to your web archive or server lib directory.
[1/10/17 14:00:01:796 IST] 0000001e SystemOut                                                    O 14:00:01.795 [Default Executor-thread-6] INFO  com.ibm.watson.apis.conversation_with_discovery.listener.AppServletContextListener - Deploying ServletContextListener
[1/10/17 14:00:02:007 IST] 0000002e SystemOut                                                    O 14:00:02.006 [Thread-12] ERROR com.ibm.watson.apis.conversation_with_discovery.listener.SetupThread - !SetupThread.ERROR_COLLECTION_INIT!java.net.UnknownHostException: gateway.watsonplatform.net: nodename nor servname provided, or not known
[1/10/17 14:00:12:761 IST] 0000000d com.ibm.ws.kernel.launch.internal.FrameworkManager           A CWWKE0085I: The server Challenge is stopping because the JVM is exiting.
[1/10/17 14:00:12:765 IST] 00000033 com.ibm.ws.runtime.update.internal.RuntimeUpdateManagerImpl  A CWWKE1100I: Waiting for up to 30 seconds for the server to quiesce.
[1/10/17 14:00:12:810 IST] 00000034 com.ibm.ws.tcpchannel.internal.TCPChannel                    I CWWKO0220I: TCP Channel defaultHttpEndpoint has stopped listening for requests on host localhost  (IPv4: 127.0.0.1) port 9080.
[1/10/17 14:00:12:812 IST] 00000034 com.ibm.ws.http.internal.VirtualHostImpl                     A CWWKT0017I: Web application removed (default_host): http://localhost:9080/
[1/10/17 14:00:12:818 IST] 00000033 com.ibm.ws.runtime.update.internal.RuntimeUpdateManagerImpl  I CWWKE1101I: Server quiesce complete.
[1/10/17 14:00:12:877 IST] 00000023 com.ibm.ws.app.manager.AppMessageHelper                      A CWWKZ0009I: The application conversation-with-discovery-0.1-SNAPSHOT has stopped successfully.
[1/10/17 14:00:12:922 IST] 00000033 com.ibm.ws.security.ready.internal.SecurityReadyServiceImpl  I CWWKS0009I: The security service has stopped.
[1/10/17 14:00:12:949 IST] 00000033 ibm.ws.security.authentication.internal.jaas.JAASServiceImpl I CWWKS1124I: The collective authentication plugin with class name NullCollectiveAuthenticationPlugin has been deactivated. 
[1/10/17 14:00:13:442 IST] 00000001 com.ibm.ws.kernel.launch.internal.FrameworkManager           A CWWKE0036I: The server Challenge stopped after 48.238 seconds.
