********************************************************************************
product = WebSphere Application Server 17.0.0.2 (wlp-1.0.17.cl170220170523-1818)
wlp.install.dir = /Users/jasminesodhi/Desktop/wlp/
java.home = /Library/Java/JavaVirtualMachines/jdk1.8.0_131.jdk/Contents/Home/jre
java.version = 1.8.0_131
java.runtime = Java(TM) SE Runtime Environment (1.8.0_131-b11)
os = Mac OS X (10.12.3; x86_64) (en_US)
process = 21851@Jasmines-MacBook.local
********************************************************************************
[3/10/17 0:18:37:283 IST] 00000001 com.ibm.ws.kernel.launch.internal.FrameworkManager           A CWWKE0001I: The server Challenge has been launched.
[3/10/17 0:18:37:300 IST] 00000001 com.ibm.ws.kernel.launch.internal.FrameworkManager           A CWWKE0100I: This product is licensed for development, and limited production use. The full license terms can be viewed here: https://public.dhe.ibm.com/ibmdl/export/pub/software/websphere/wasdev/license/base_ilan/ilan/17.0.0.2/lafiles/en.html
[3/10/17 0:18:39:411 IST] 00000001 com.ibm.ws.kernel.launch.internal.FrameworkManager           I CWWKE0002I: The kernel started after 7.505 seconds
[3/10/17 0:18:39:509 IST] 00000017 com.ibm.ws.kernel.feature.internal.FeatureManager            I CWWKF0007I: Feature update started.
[3/10/17 0:18:40:878 IST] 00000010 com.ibm.ws.security.ready.internal.SecurityReadyServiceImpl  I CWWKS0007I: The security service is starting...
[3/10/17 0:18:41:881 IST] 00000010 ibm.ws.security.authentication.internal.jaas.JAASServiceImpl I CWWKS1123I: The collective authentication plugin with class name NullCollectiveAuthenticationPlugin has been activated. 
[3/10/17 0:18:41:918 IST] 0000001f com.ibm.ws.security.token.ltpa.internal.LTPAKeyCreateTask    I CWWKS4105I: LTPA configuration is ready after 0.095 seconds.
[3/10/17 0:18:47:419 IST] 00000010 com.ibm.ws.app.manager.internal.monitor.DropinMonitor        A CWWKZ0058I: Monitoring dropins for applications. 
[3/10/17 0:18:47:631 IST] 00000023 com.ibm.ws.tcpchannel.internal.TCPChannel                    I CWWKO0219I: TCP Channel defaultHttpEndpoint has been started and is now listening for requests on host localhost  (IPv4: 127.0.0.1) port 9080.
[3/10/17 0:18:48:328 IST] 00000010 com.ibm.ws.cache.ServerCache                                 I DYNA1001I: WebSphere Dynamic Cache instance named baseCache initialized successfully.
[3/10/17 0:18:48:331 IST] 00000010 com.ibm.ws.cache.ServerCache                                 I DYNA1071I: The cache provider default is being used.
[3/10/17 0:18:48:332 IST] 00000010 com.ibm.ws.cache.CacheServiceImpl                            I DYNA1056I: Dynamic Cache (object cache) initialized successfully.
[3/10/17 0:18:49:694 IST] 0000001a com.ibm.ws.app.manager.AppMessageHelper                      I CWWKZ0018I: Starting application conversation-with-discovery-0.1-SNAPSHOT.
[3/10/17 0:18:51:935 IST] 0000001a org.jboss.weld.Version                                       I WELD-000900: 2.4.3 (Final)
[3/10/17 0:18:57:195 IST] 0000001a com.ibm.ws.session.WASSessionCore                            I SESN8501I: The session manager did not find a persistent storage location; HttpSession objects will be stored in the local application server's memory.
[3/10/17 0:18:57:225 IST] 0000001a com.ibm.ws.webcontainer.osgi.webapp.WebGroup                 I SRVE0169I: Loading Web Module: Conversation with Discovery Demo.
[3/10/17 0:18:57:230 IST] 0000001a com.ibm.ws.webcontainer                                      I SRVE0250I: Web Module Conversation with Discovery Demo has been bound to default_host.
[3/10/17 0:18:57:232 IST] 0000001a com.ibm.ws.http.internal.VirtualHostImpl                     A CWWKT0016I: Web application available (default_host): http://localhost:9080/
[3/10/17 0:18:57:242 IST] 0000001a com.ibm.ws.app.manager.AppMessageHelper                      A CWWKZ0001I: Application conversation-with-discovery-0.1-SNAPSHOT started in 7.548 seconds.
[3/10/17 0:18:57:267 IST] 00000017 com.ibm.ws.kernel.feature.internal.FeatureManager            A CWWKF0012I: The server installed the following features: [jsp-2.3, ejbLite-3.2, managedBeans-1.0, jsf-2.2, beanValidation-1.1, servlet-3.1, ssl-1.0, jndi-1.0, jsonp-1.0, appSecurity-2.0, jdbc-4.1, jaxrs-2.0, jaxrsClient-2.0, el-3.0, json-1.0, jpaContainer-2.1, cdi-1.2, distributedMap-1.0, webProfile-7.0, websocket-1.1, jpa-2.1].
[3/10/17 0:18:57:268 IST] 00000017 com.ibm.ws.kernel.feature.internal.FeatureManager            I CWWKF0008I: Feature update completed in 17.855 seconds.
[3/10/17 0:18:57:271 IST] 00000017 com.ibm.ws.kernel.feature.internal.FeatureManager            A CWWKF0011I: The server Challenge is ready to run a smarter planet.
[3/10/17 0:18:57:456 IST] 00000029 com.ibm.ws.session.WASSessionCore                            I SESN0176I: A new session context will be created for application key default_host/
[3/10/17 0:18:57:486 IST] 00000029 com.ibm.ws.util                                              I SESN0172I: The session manager is using the Java default SecureRandom implementation for session ID generation.
[3/10/17 0:18:57:679 IST] 00000029 com.ibm.ws.jsp                                               I JSPG8502I: The value of the JSP attribute jdkSourceLevel is "17".
[3/10/17 0:18:57:794 IST] 00000029 com.ibm.ws.cache.CacheServiceImpl                            I DYNA1056I: Dynamic Cache (object cache) initialized successfully.
[3/10/17 0:18:57:824 IST] 00000018 com.ibm.ws.webcontainer.osgi.mbeans.PluginGenerator          I SRVE9103I: A configuration file for a web server plugin was automatically generated for this server at /Users/jasminesodhi/Desktop/wlp/usr/servers/Challenge/logs/state/plugin-cfg.xml.
[3/10/17 0:19:03:257 IST] 00000029 SystemOut                                                    O 2017-10-03 00:19:03,256 INFO Log4j appears to be running in a Servlet environment, but there's no log4j-web module available. If you want better web container support, please add the log4j-web JAR to your web archive or server lib directory.
[3/10/17 0:19:03:642 IST] 00000029 SystemOut                                                    O 00:19:03.639 [Default Executor-thread-12] INFO  com.ibm.watson.apis.conversation_with_discovery.listener.AppServletContextListener - Deploying ServletContextListener
[3/10/17 0:19:05:060 IST] 00000022 .ibm.ws.jaxrs.2.0.common:1.0.17.cl170220170523-1818(id=171)] I Setting the server's publish address to be /rest/
[3/10/17 0:19:05:543 IST] 00000022 com.ibm.ws.webcontainer.servlet                              I SRVE0242I: [conversation-with-discovery-0.1-SNAPSHOT] [/] [com.ibm.watson.apis.conversation_with_discovery.rest.WinkApplication]: Initialization successful.
[3/10/17 0:19:07:102 IST] 0000002d okhttp3.OkHttpClient                                         I --> GET https://gateway.watsonplatform.net/discovery/api/v1/environments/2aa64692-623e-47d9-8906-f475cc92ea8d/collections/de67efba-55c9-4fb5-8b50-542c523a5e71/query?query=searchText:car%20tire%20pressure&count=10&offset=0&version=2016-12-15 http/1.1
[3/10/17 0:19:07:565 IST] 0000001f okhttp3.OkHttpClient                                         I --> POST https://gateway.watsonplatform.net/conversation/api/v1/workspaces/197c22fe-942d-48ea-9223-5cd5e07a1524/message?version=2016-09-20 http/1.1 (21-byte body)
[3/10/17 0:19:07:758 IST] 0000002d okhttp3.OkHttpClient                                         I <-- 200 OK https://gateway.watsonplatform.net/discovery/api/v1/environments/2aa64692-623e-47d9-8906-f475cc92ea8d/collections/de67efba-55c9-4fb5-8b50-542c523a5e71/query?query=searchText:car%20tire%20pressure&count=10&offset=0&version=2016-12-15 (656ms, unknown-length body)
[3/10/17 0:19:08:062 IST] 0000001f okhttp3.OkHttpClient                                         I <-- 200 OK https://gateway.watsonplatform.net/conversation/api/v1/workspaces/197c22fe-942d-48ea-9223-5cd5e07a1524/message?version=2016-09-20 (496ms, unknown-length body)
[3/10/17 0:19:09:197 IST] 0000002d okhttp3.OkHttpClient                                         I --> POST https://gateway.watsonplatform.net/conversation/api/v1/workspaces/197c22fe-942d-48ea-9223-5cd5e07a1524/message?version=2016-09-20 http/1.1 (23-byte body)
[3/10/17 0:19:09:673 IST] 0000002d okhttp3.OkHttpClient                                         I <-- 200 OK https://gateway.watsonplatform.net/conversation/api/v1/workspaces/197c22fe-942d-48ea-9223-5cd5e07a1524/message?version=2016-09-20 (475ms, unknown-length body)
[3/10/17 0:19:09:679 IST] 0000002d SystemOut                                                    O 00:19:09.678 [Thread-12] INFO  com.ibm.watson.apis.conversation_with_discovery.listener.SetupThread - Setup Complete
[3/10/17 0:20:50:415 IST] 00000024 okhttp3.OkHttpClient                                         I --> POST https://gateway.watsonplatform.net/conversation/api/v1/workspaces/197c22fe-942d-48ea-9223-5cd5e07a1524/message?version=2016-09-20 http/1.1 (326-byte body)
[3/10/17 0:20:50:829 IST] 00000024 okhttp3.OkHttpClient                                         I <-- 200 OK https://gateway.watsonplatform.net/conversation/api/v1/workspaces/197c22fe-942d-48ea-9223-5cd5e07a1524/message?version=2016-09-20 (412ms, unknown-length body)
[3/10/17 0:20:56:041 IST] 00000048 okhttp3.OkHttpClient                                         I --> POST https://gateway.watsonplatform.net/conversation/api/v1/workspaces/197c22fe-942d-48ea-9223-5cd5e07a1524/message?version=2016-09-20 http/1.1 (342-byte body)
[3/10/17 0:20:56:652 IST] 00000048 okhttp3.OkHttpClient                                         I <-- 200 OK https://gateway.watsonplatform.net/conversation/api/v1/workspaces/197c22fe-942d-48ea-9223-5cd5e07a1524/message?version=2016-09-20 (610ms, unknown-length body)
[3/10/17 0:21:11:397 IST] 0000004e okhttp3.OkHttpClient                                         I --> POST https://gateway.watsonplatform.net/conversation/api/v1/workspaces/197c22fe-942d-48ea-9223-5cd5e07a1524/message?version=2016-09-20 http/1.1 (327-byte body)
[3/10/17 0:21:12:012 IST] 0000004e okhttp3.OkHttpClient                                         I <-- 200 OK https://gateway.watsonplatform.net/conversation/api/v1/workspaces/197c22fe-942d-48ea-9223-5cd5e07a1524/message?version=2016-09-20 (613ms, unknown-length body)
[3/10/17 0:22:46:727 IST] 0000000d com.ibm.ws.kernel.launch.internal.FrameworkManager           A CWWKE0085I: The server Challenge is stopping because the JVM is exiting.
[3/10/17 0:22:46:732 IST] 0000006c com.ibm.ws.runtime.update.internal.RuntimeUpdateManagerImpl  A CWWKE1100I: Waiting for up to 30 seconds for the server to quiesce.
[3/10/17 0:22:46:737 IST] 0000006d com.ibm.ws.tcpchannel.internal.TCPChannel                    I CWWKO0220I: TCP Channel defaultHttpEndpoint has stopped listening for requests on host localhost  (IPv4: 127.0.0.1) port 9080.
[3/10/17 0:22:46:739 IST] 0000006d com.ibm.ws.http.internal.VirtualHostImpl                     A CWWKT0017I: Web application removed (default_host): http://localhost:9080/
[3/10/17 0:22:46:744 IST] 0000006c com.ibm.ws.runtime.update.internal.RuntimeUpdateManagerImpl  I CWWKE1101I: Server quiesce complete.
[3/10/17 0:22:46:818 IST] 00000028 com.ibm.ws.app.manager.AppMessageHelper                      A CWWKZ0009I: The application conversation-with-discovery-0.1-SNAPSHOT has stopped successfully.
[3/10/17 0:22:46:869 IST] 0000006c com.ibm.ws.security.ready.internal.SecurityReadyServiceImpl  I CWWKS0009I: The security service has stopped.
[3/10/17 0:22:46:901 IST] 0000006c ibm.ws.security.authentication.internal.jaas.JAASServiceImpl I CWWKS1124I: The collective authentication plugin with class name NullCollectiveAuthenticationPlugin has been deactivated. 
[3/10/17 0:22:47:493 IST] 00000001 com.ibm.ws.kernel.launch.internal.FrameworkManager           A CWWKE0036I: The server Challenge stopped after 4 minutes, 15.588 seconds.
